<?xml version="1.0" encoding="utf-8"?><testsuites name="pytest tests"><testsuite name="pytest" errors="0" failures="0" skipped="0" tests="4" time="1.069" timestamp="2026-05-09T15:12:29.616730+00:00" hostname="agent-env-6f5ca14d-8312-4fb9-836d-f7d9825d5468"><testcase classname="backend.tests.test_status_api.TestHealth" name="test_root" time="0.296" /><testcase classname="backend.tests.test_status_api.TestStatus" name="test_create_status" time="0.176" /><testcase classname="backend.tests.test_status_api.TestStatus" name="test_list_status_includes_created" time="0.207" /><testcase classname="backend.tests.test_status_api.TestStatus" name="test_create_status_validation" time="0.118" /></testsuite></testsuites>