<?xml version="1.0" encoding="utf-8"?><testsuites name="pytest tests"><testsuite name="pytest" errors="0" failures="0" skipped="0" tests="10" time="1.779" timestamp="2026-05-09T15:33:20.567288+00:00" hostname="agent-env-6f5ca14d-8312-4fb9-836d-f7d9825d5468"><testcase classname="backend.tests.test_leads_api.TestLeadCreate" name="test_create_lead_success" time="0.290" /><testcase classname="backend.tests.test_leads_api.TestLeadCreate" name="test_create_lead_minimal_required_only" time="0.119" /><testcase classname="backend.tests.test_leads_api.TestLeadCreate" name="test_create_lead_invalid_email" time="0.148" /><testcase classname="backend.tests.test_leads_api.TestLeadCreate" name="test_create_lead_missing_name" time="0.111" /><testcase classname="backend.tests.test_leads_api.TestLeadCreate" name="test_create_lead_missing_expertise" time="0.097" /><testcase classname="backend.tests.test_leads_api.TestLeadList" name="test_list_leads_returns_array_no_id_field_sorted_desc" time="0.193" /><testcase classname="backend.tests.test_status_api.TestHealth" name="test_root" time="0.105" /><testcase classname="backend.tests.test_status_api.TestStatus" name="test_create_status" time="0.141" /><testcase classname="backend.tests.test_status_api.TestStatus" name="test_list_status_includes_created" time="0.187" /><testcase classname="backend.tests.test_status_api.TestStatus" name="test_create_status_validation" time="0.104" /></testsuite></testsuites>